# JRE version: Java(TM) SE Runtime Environment (7.0_55-b13) (build 1.7.0_55-b13)
# Java VM: Java HotSpot(TM) 64-Bit Server VM (24.55-b03 mixed mode windows-amd64 compressed oops)
Heap
 PSYoungGen      total 263168K, used 77635K [0x00000007d6000000, 0x00000007e6200000, 0x0000000800000000)
  eden space 262144K, 29% used [0x00000007d6000000,0x00000007dab62370,0x00000007e6000000)
  from space 1024K, 43% used [0x00000007e6100000,0x00000007e616e900,0x00000007e6200000)
  to   space 1024K, 0% used [0x00000007e6000000,0x00000007e6000000,0x00000007e6100000)
 ParOldGen       total 86016K, used 364K [0x0000000782000000, 0x0000000787400000, 0x00000007d6000000)
  object space 86016K, 0% used [0x0000000782000000,0x000000078205b0a0,0x0000000787400000)
 PSPermGen       total 21504K, used 4817K [0x000000077ce00000, 0x000000077e300000, 0x0000000782000000)
  object space 21504K, 22% used [0x000000077ce00000,0x000000077d2b45a8,0x000000077e300000)
GC Heap History (10 events):
Event: 2.526 GC heap before
{Heap before GC invocations=4 (full 0):
 PSYoungGen      total 37888K, used 33445K [0x00000007d6000000, 0x00000007daa00000, 0x0000000800000000)
  eden space 32768K, 99% used [0x00000007d6000000,0x00000007d7ffbdf0,0x00000007d8000000)
  from space 5120K, 13% used [0x00000007d8000000,0x00000007d80ad7a8,0x00000007d8500000)
  to   space 5120K, 0% used [0x00000007da500000,0x00000007da500000,0x00000007daa00000)
 ParOldGen       total 86016K, used 8K [0x0000000782000000, 0x0000000787400000, 0x00000007d6000000)
  object space 86016K, 0% used [0x0000000782000000,0x0000000782002000,0x0000000787400000)
 PSPermGen       total 21504K, used 2879K [0x000000077ce00000, 0x000000077e300000, 0x0000000782000000)
  object space 21504K, 13% used [0x000000077ce00000,0x000000077d0cfe38,0x000000077e300000)
Event: 2.528 GC heap after
Heap after GC invocations=4 (full 0):
 PSYoungGen      total 70656K, used 633K [0x00000007d6000000, 0x00000007daa00000, 0x0000000800000000)
  eden space 65536K, 0% used [0x00000007d6000000,0x00000007d6000000,0x00000007da000000)
  from space 5120K, 12% used [0x00000007da500000,0x00000007da59e670,0x00000007daa00000)
  to   space 5120K, 0% used [0x00000007da000000,0x00000007da000000,0x00000007da500000)
 ParOldGen       total 86016K, used 8K [0x0000000782000000, 0x0000000787400000, 0x00000007d6000000)
  object space 86016K, 0% used [0x0000000782000000,0x0000000782002000,0x0000000787400000)
 PSPermGen       total 21504K, used 2879K [0x000000077ce00000, 0x000000077e300000, 0x0000000782000000)
  object space 21504K, 13% used [0x000000077ce00000,0x000000077d0cfe38,0x000000077e300000)
}
Event: 2.554 GC heap before
{Heap before GC invocations=5 (full 0):
 PSYoungGen      total 70656K, used 66031K [0x00000007d6000000, 0x00000007daa00000, 0x0000000800000000)
  eden space 65536K, 99% used [0x00000007d6000000,0x00000007d9fdd598,0x00000007da000000)
  from space 5120K, 12% used [0x00000007da500000,0x00000007da59e670,0x00000007daa00000)
  to   space 5120K, 0% used [0x00000007da000000,0x00000007da000000,0x00000007da500000)
 ParOldGen       total 86016K, used 8K [0x0000000782000000, 0x0000000787400000, 0x00000007d6000000)
  object space 86016K, 0% used [0x0000000782000000,0x0000000782002000,0x0000000787400000)
 PSPermGen       total 21504K, used 2880K [0x000000077ce00000, 0x000000077e300000, 0x0000000782000000)
  object space 21504K, 13% used [0x000000077ce00000,0x000000077d0d0028,0x000000077e300000)
Event: 2.555 GC heap after
Heap after GC invocations=5 (full 0):
 PSYoungGen      total 70656K, used 633K [0x00000007d6000000, 0x00000007de200000, 0x0000000800000000)
  eden space 65536K, 0% used [0x00000007d6000000,0x00000007d6000000,0x00000007da000000)
  from space 5120K, 12% used [0x00000007da000000,0x00000007da09e550,0x00000007da500000)
  to   space 1024K, 0% used [0x00000007de100000,0x00000007de100000,0x00000007de200000)
 ParOldGen       total 86016K, used 8K [0x0000000782000000, 0x0000000787400000, 0x00000007d6000000)
  object space 86016K, 0% used [0x0000000782000000,0x0000000782002000,0x0000000787400000)
 PSPermGen       total 21504K, used 2880K [0x000000077ce00000, 0x000000077e300000, 0x0000000782000000)
  object space 21504K, 13% used [0x000000077ce00000,0x000000077d0d0028,0x000000077e300000)
}
Event: 2.577 GC heap before
{Heap before GC invocations=6 (full 0):
 PSYoungGen      total 70656K, used 66141K [0x00000007d6000000, 0x00000007de200000, 0x0000000800000000)
  eden space 65536K, 99% used [0x00000007d6000000,0x00000007d9ff91e8,0x00000007da000000)
  from space 5120K, 12% used [0x00000007da000000,0x00000007da09e550,0x00000007da500000)
  to   space 1024K, 0% used [0x00000007de100000,0x00000007de100000,0x00000007de200000)
 ParOldGen       total 86016K, used 8K [0x0000000782000000, 0x0000000787400000, 0x00000007d6000000)
  object space 86016K, 0% used [0x0000000782000000,0x0000000782002000,0x0000000787400000)
 PSPermGen       total 21504K, used 2881K [0x000000077ce00000, 0x000000077e300000, 0x0000000782000000)
  object space 21504K, 13% used [0x000000077ce00000,0x000000077d0d0470,0x000000077e300000)
Event: 2.578 GC heap after
Heap after GC invocations=6 (full 0):
 PSYoungGen      total 132096K, used 610K [0x00000007d6000000, 0x00000007de200000, 0x0000000800000000)
  eden space 131072K, 0% used [0x00000007d6000000,0x00000007d6000000,0x00000007de000000)
  from space 1024K, 59% used [0x00000007de100000,0x00000007de1988a8,0x00000007de200000)
  to   space 1024K, 0% used [0x00000007de000000,0x00000007de000000,0x00000007de100000)
 ParOldGen       total 86016K, used 8K [0x0000000782000000, 0x0000000787400000, 0x00000007d6000000)
  object space 86016K, 0% used [0x0000000782000000,0x0000000782002000,0x0000000787400000)
 PSPermGen       total 21504K, used 2881K [0x000000077ce00000, 0x000000077e300000, 0x0000000782000000)
  object space 21504K, 13% used [0x000000077ce00000,0x000000077d0d0470,0x000000077e300000)
}
Event: 2.627 GC heap before
{Heap before GC invocations=7 (full 0):
 PSYoungGen      total 132096K, used 131523K [0x00000007d6000000, 0x00000007de200000, 0x0000000800000000)
  eden space 131072K, 99% used [0x00000007d6000000,0x00000007ddfd8738,0x00000007de000000)
  from space 1024K, 59% used [0x00000007de100000,0x00000007de1988a8,0x00000007de200000)
  to   space 1024K, 0% used [0x00000007de000000,0x00000007de000000,0x00000007de100000)
 ParOldGen       total 86016K, used 8K [0x0000000782000000, 0x0000000787400000, 0x00000007d6000000)
  object space 86016K, 0% used [0x0000000782000000,0x0000000782002000,0x0000000787400000)
 PSPermGen       total 21504K, used 2882K [0x000000077ce00000, 0x000000077e300000, 0x0000000782000000)
  object space 21504K, 13% used [0x000000077ce00000,0x000000077d0d08f8,0x000000077e300000)
Event: 2.629 GC heap after
Heap after GC invocations=7 (full 0):
 PSYoungGen      total 132096K, used 403K [0x00000007d6000000, 0x00000007e6200000, 0x0000000800000000)
  eden space 131072K, 0% used [0x00000007d6000000,0x00000007d6000000,0x00000007de000000)
  from space 1024K, 39% used [0x00000007de000000,0x00000007de064d00,0x00000007de100000)
  to   space 1024K, 0% used [0x00000007e6100000,0x00000007e6100000,0x00000007e6200000)
 ParOldGen       total 86016K, used 364K [0x0000000782000000, 0x0000000787400000, 0x00000007d6000000)
  object space 86016K, 0% used [0x0000000782000000,0x000000078205b0a0,0x0000000787400000)
 PSPermGen       total 21504K, used 2882K [0x000000077ce00000, 0x000000077e300000, 0x0000000782000000)
  object space 21504K, 13% used [0x000000077ce00000,0x000000077d0d08f8,0x000000077e300000)
}
Event: 2.670 GC heap before
{Heap before GC invocations=8 (full 0):
 PSYoungGen      total 132096K, used 131347K [0x00000007d6000000, 0x00000007e6200000, 0x0000000800000000)
  eden space 131072K, 99% used [0x00000007d6000000,0x00000007ddfdff00,0x00000007de000000)
  from space 1024K, 39% used [0x00000007de000000,0x00000007de064d00,0x00000007de100000)
  to   space 1024K, 0% used [0x00000007e6100000,0x00000007e6100000,0x00000007e6200000)
 ParOldGen       total 86016K, used 364K [0x0000000782000000, 0x0000000787400000, 0x00000007d6000000)
  object space 86016K, 0% used [0x0000000782000000,0x000000078205b0a0,0x0000000787400000)
 PSPermGen       total 21504K, used 2883K [0x000000077ce00000, 0x000000077e300000, 0x0000000782000000)
  object space 21504K, 13% used [0x000000077ce00000,0x000000077d0d0df0,0x000000077e300000)
Event: 2.670 GC heap after
Heap after GC invocations=8 (full 0):
 PSYoungGen      total 263168K, used 442K [0x00000007d6000000, 0x00000007e6200000, 0x0000000800000000)
  eden space 262144K, 0% used [0x00000007d6000000,0x00000007d6000000,0x00000007e6000000)
  from space 1024K, 43% used [0x00000007e6100000,0x00000007e616e900,0x00000007e6200000)
  to   space 1024K, 0% used [0x00000007e6000000,0x00000007e6000000,0x00000007e6100000)
 ParOldGen       total 86016K, used 364K [0x0000000782000000, 0x0000000787400000, 0x00000007d6000000)
  object space 86016K, 0% used [0x0000000782000000,0x000000078205b0a0,0x0000000787400000)
 PSPermGen       total 21504K, used 2883K [0x000000077ce00000, 0x000000077e300000, 0x0000000782000000)
  object space 21504K, 13% used [0x000000077ce00000,0x000000077d0d0df0,0x000000077e300000)
}

